<?xml version="1.0" encoding="UTF-8"?>
<coverage generated="1645089271815" clover="3.2.0">
  <project timestamp="1645089271815" name="All files">
    <metrics statements="73" coveredstatements="58" conditionals="28" coveredconditionals="20" methods="14" coveredmethods="12" elements="115" coveredelements="90" complexity="0" loc="73" ncloc="73" packages="1" files="1" classes="1"/>
    <file name="main.js" path="/home/runner/AdaCoin-Blockchain-Working-Version/adacoin/src/main.js">
      <metrics statements="73" coveredstatements="58" conditionals="28" coveredconditionals="20" methods="14" coveredmethods="12"/>
      <line num="1" count="1" type="stmt"/>
      <line num="2" count="1" type="stmt"/>
      <line num="12" count="62" type="stmt"/>
      <line num="13" count="62" type="stmt"/>
      <line num="14" count="62" type="stmt"/>
      <line num="17" count="62" type="stmt"/>
      <line num="22" count="63" type="stmt"/>
      <line num="23" count="63" type="stmt"/>
      <line num="27" count="2" type="stmt"/>
      <line num="28" count="2" type="cond" truecount="2" falsecount="0"/>
      <line num="33" count="36" type="cond" truecount="4" falsecount="0"/>
      <line num="34" count="4" type="stmt"/>
      <line num="42" count="29" type="stmt"/>
      <line num="44" count="29" type="cond" truecount="2" falsecount="0"/>
      <line num="45" count="16" type="cond" truecount="2" falsecount="0"/>
      <line num="46" count="11" type="stmt"/>
      <line num="48" count="5" type="stmt"/>
      <line num="52" count="18" type="cond" truecount="2" falsecount="0"/>
      <line num="53" count="13" type="cond" truecount="2" falsecount="0"/>
      <line num="54" count="12" type="stmt"/>
      <line num="56" count="1" type="stmt"/>
      <line num="61" count="6" type="cond" truecount="2" falsecount="0"/>
      <line num="62" count="1" type="stmt"/>
      <line num="65" count="5" type="stmt"/>
      <line num="69" count="1" type="stmt"/>
      <line num="72" count="1" type="cond" truecount="1" falsecount="1"/>
      <line num="73" count="0" type="stmt"/>
      <line num="75" count="1" type="stmt"/>
      <line num="80" count="1" type="cond" truecount="1" falsecount="1"/>
      <line num="81" count="1" type="stmt"/>
      <line num="83" count="0" type="stmt"/>
      <line num="87" count="1" type="cond" truecount="1" falsecount="1"/>
      <line num="88" count="0" type="stmt"/>
      <line num="90" count="1" type="stmt"/>
      <line num="98" count="9" type="stmt"/>
      <line num="103" count="9" type="stmt"/>
      <line num="108" count="1" type="stmt"/>
      <line num="115" count="1" type="stmt"/>
      <line num="116" count="1" type="stmt"/>
      <line num="118" count="1" type="cond" truecount="1" falsecount="1"/>
      <line num="119" count="1" type="stmt"/>
      <line num="120" count="1" type="stmt"/>
      <line num="121" count="1" type="stmt"/>
      <line num="123" count="0" type="stmt"/>
      <line num="124" count="0" type="stmt"/>
      <line num="129" count="0" type="stmt"/>
      <line num="130" count="0" type="stmt"/>
      <line num="131" count="0" type="stmt"/>
      <line num="134" count="0" type="cond" truecount="0" falsecount="2"/>
      <line num="135" count="0" type="stmt"/>
      <line num="138" count="0" type="cond" truecount="0" falsecount="2"/>
      <line num="139" count="0" type="stmt"/>
      <line num="143" count="0" type="stmt"/>
      <line num="148" count="0" type="stmt"/>
      <line num="150" count="0" type="stmt"/>
      <line num="155" count="1" type="stmt"/>
      <line num="156" count="1" type="stmt"/>
      <line num="157" count="1" type="stmt"/>
      <line num="158" count="1" type="stmt"/>
      <line num="159" count="1" type="stmt"/>
      <line num="160" count="1" type="stmt"/>
      <line num="161" count="1" type="stmt"/>
      <line num="162" count="1" type="stmt"/>
      <line num="163" count="1" type="stmt"/>
      <line num="164" count="1" type="stmt"/>
      <line num="165" count="1" type="stmt"/>
      <line num="167" count="1" type="stmt"/>
      <line num="168" count="1" type="stmt"/>
      <line num="169" count="1" type="stmt"/>
      <line num="172" count="1" type="stmt"/>
      <line num="173" count="1" type="stmt"/>
      <line num="174" count="1" type="stmt"/>
      <line num="176" count="1" type="stmt"/>
    </file>
  </project>
</coverage>
