<?xml version="1.0" encoding="UTF-8"?>
<coverage generated="1645313338555" clover="3.2.0">
  <project timestamp="1645313338555" name="All files">
    <metrics statements="78" coveredstatements="29" conditionals="46" coveredconditionals="7" methods="18" coveredmethods="10" elements="142" coveredelements="46" complexity="0" loc="78" ncloc="78" packages="1" files="2" classes="2"/>
    <file name="block.js" path="/home/runner/AdaCoin-Blockchain-Working-Version/adacoin/src/block.js">
      <metrics statements="53" coveredstatements="18" conditionals="38" coveredconditionals="6" methods="11" coveredmethods="5"/>
      <line num="3" count="1" type="stmt"/>
      <line num="4" count="1" type="stmt"/>
      <line num="14" count="84" type="stmt"/>
      <line num="15" count="84" type="stmt"/>
      <line num="16" count="84" type="stmt"/>
      <line num="19" count="84" type="stmt"/>
      <line num="24" count="118" type="stmt"/>
      <line num="25" count="118" type="stmt"/>
      <line num="31" count="2" type="stmt"/>
      <line num="32" count="2" type="stmt"/>
      <line num="33" count="2" type="cond" truecount="1" falsecount="1"/>
      <line num="34" count="0" type="stmt"/>
      <line num="36" count="2" type="stmt"/>
      <line num="43" count="0" type="stmt"/>
      <line num="44" count="0" type="stmt"/>
      <line num="45" count="0" type="stmt"/>
      <line num="46" count="0" type="stmt"/>
      <line num="47" count="0" type="cond" truecount="0" falsecount="2"/>
      <line num="48" count="0" type="stmt"/>
      <line num="50" count="0" type="stmt"/>
      <line num="58" count="0" type="stmt"/>
      <line num="63" count="0" type="cond" truecount="0" falsecount="2"/>
      <line num="64" count="0" type="stmt"/>
      <line num="66" count="0" type="stmt"/>
      <line num="70" count="0" type="cond" truecount="0" falsecount="2"/>
      <line num="71" count="0" type="stmt"/>
      <line num="73" count="0" type="stmt"/>
      <line num="76" count="0" type="stmt"/>
      <line num="80" count="71" type="stmt"/>
      <line num="82" count="71" type="cond" truecount="3" falsecount="3"/>
      <line num="85" count="68" type="stmt"/>
      <line num="87" count="0" type="stmt"/>
      <line num="92" count="0" type="stmt"/>
      <line num="93" count="0" type="stmt"/>
      <line num="95" count="0" type="cond" truecount="0" falsecount="2"/>
      <line num="96" count="0" type="cond" truecount="0" falsecount="2"/>
      <line num="97" count="0" type="stmt"/>
      <line num="99" count="0" type="stmt"/>
      <line num="100" count="0" type="cond" truecount="0" falsecount="4"/>
      <line num="101" count="0" type="stmt"/>
      <line num="106" count="0" type="cond" truecount="0" falsecount="2"/>
      <line num="107" count="0" type="cond" truecount="0" falsecount="2"/>
      <line num="108" count="0" type="stmt"/>
      <line num="110" count="0" type="stmt"/>
      <line num="111" count="0" type="cond" truecount="0" falsecount="4"/>
      <line num="112" count="0" type="stmt"/>
      <line num="117" count="0" type="cond" truecount="0" falsecount="2"/>
      <line num="118" count="0" type="stmt"/>
      <line num="120" count="0" type="stmt"/>
      <line num="127" count="71" type="cond" truecount="2" falsecount="4"/>
      <line num="128" count="0" type="stmt"/>
      <line num="130" count="68" type="stmt"/>
      <line num="142" count="1" type="stmt"/>
    </file>
    <file name="chain.js" path="/home/runner/AdaCoin-Blockchain-Working-Version/adacoin/src/chain.js">
      <metrics statements="25" coveredstatements="11" conditionals="8" coveredconditionals="1" methods="7" coveredmethods="5"/>
      <line num="2" count="1" type="stmt"/>
      <line num="5" count="11" type="stmt"/>
      <line num="10" count="11" type="stmt"/>
      <line num="15" count="35" type="stmt"/>
      <line num="22" count="34" type="stmt"/>
      <line num="23" count="34" type="stmt"/>
      <line num="25" count="34" type="cond" truecount="1" falsecount="1"/>
      <line num="27" count="0" type="stmt"/>
      <line num="31" count="34" type="stmt"/>
      <line num="36" count="2" type="stmt"/>
      <line num="37" count="0" type="stmt"/>
      <line num="38" count="0" type="stmt"/>
      <line num="41" count="0" type="cond" truecount="0" falsecount="2"/>
      <line num="42" count="0" type="stmt"/>
      <line num="45" count="0" type="cond" truecount="0" falsecount="2"/>
      <line num="46" count="0" type="stmt"/>
      <line num="50" count="2" type="stmt"/>
      <line num="55" count="0" type="stmt"/>
      <line num="56" count="0" type="cond" truecount="0" falsecount="2"/>
      <line num="57" count="0" type="stmt"/>
      <line num="58" count="0" type="stmt"/>
      <line num="59" count="0" type="stmt"/>
      <line num="62" count="0" type="stmt"/>
      <line num="65" count="0" type="stmt"/>
      <line num="72" count="1" type="stmt"/>
    </file>
  </project>
</coverage>
