{"/home/runner/AdaCoin-Blockchain-Working-Version/adacoin/src/main.js": {"path":"/home/runner/AdaCoin-Blockchain-Working-Version/adacoin/src/main.js","statementMap":{"0":{"start":{"line":1,"column":15},"end":{"line":1,"column":42}},"1":{"start":{"line":2,"column":23},"end":{"line":2,"column":38}},"2":{"start":{"line":12,"column":4},"end":{"line":12,"column":17}},"3":{"start":{"line":13,"column":4},"end":{"line":13,"column":35}},"4":{"start":{"line":14,"column":4},"end":{"line":14,"column":23}},"5":{"start":{"line":17,"column":4},"end":{"line":17,"column":37}},"6":{"start":{"line":22,"column":15},"end":{"line":22,"column":78}},"7":{"start":{"line":23,"column":4},"end":{"line":23,"column":27}},"8":{"start":{"line":27,"column":17},"end":{"line":27,"column":34}},"9":{"start":{"line":28,"column":4},"end":{"line":28,"column":58}},"10":{"start":{"line":33,"column":4},"end":{"line":35,"column":5}},"11":{"start":{"line":34,"column":6},"end":{"line":34,"column":19}},"12":{"start":{"line":42,"column":24},"end":{"line":42,"column":42}},"13":{"start":{"line":44,"column":4},"end":{"line":50,"column":5}},"14":{"start":{"line":45,"column":6},"end":{"line":49,"column":7}},"15":{"start":{"line":46,"column":8},"end":{"line":46,"column":21}},"16":{"start":{"line":48,"column":8},"end":{"line":48,"column":66}},"17":{"start":{"line":52,"column":4},"end":{"line":58,"column":5}},"18":{"start":{"line":53,"column":6},"end":{"line":57,"column":7}},"19":{"start":{"line":54,"column":8},"end":{"line":54,"column":21}},"20":{"start":{"line":56,"column":8},"end":{"line":56,"column":64}},"21":{"start":{"line":61,"column":4},"end":{"line":63,"column":5}},"22":{"start":{"line":62,"column":6},"end":{"line":62,"column":19}},"23":{"start":{"line":65,"column":4},"end":{"line":65,"column":16}},"24":{"start":{"line":69,"column":4},"end":{"line":69,"column":32}},"25":{"start":{"line":72,"column":4},"end":{"line":76,"column":5}},"26":{"start":{"line":73,"column":6},"end":{"line":73,"column":31}},"27":{"start":{"line":75,"column":6},"end":{"line":75,"column":36}},"28":{"start":{"line":80,"column":4},"end":{"line":82,"column":5}},"29":{"start":{"line":81,"column":6},"end":{"line":81,"column":15}},"30":{"start":{"line":83,"column":4},"end":{"line":83,"column":35}},"31":{"start":{"line":87,"column":4},"end":{"line":89,"column":5}},"32":{"start":{"line":88,"column":6},"end":{"line":88,"column":15}},"33":{"start":{"line":90,"column":4},"end":{"line":90,"column":34}},"34":{"start":{"line":100,"column":4},"end":{"line":100,"column":39}},"35":{"start":{"line":105,"column":4},"end":{"line":105,"column":53}},"36":{"start":{"line":110,"column":4},"end":{"line":110,"column":45}},"37":{"start":{"line":117,"column":4},"end":{"line":117,"column":43}},"38":{"start":{"line":118,"column":4},"end":{"line":118,"column":45}},"39":{"start":{"line":120,"column":4},"end":{"line":124,"column":5}},"40":{"start":{"line":121,"column":6},"end":{"line":121,"column":22}},"41":{"start":{"line":122,"column":6},"end":{"line":122,"column":32}},"42":{"start":{"line":123,"column":6},"end":{"line":123,"column":18}},"43":{"start":{"line":125,"column":4},"end":{"line":125,"column":20}},"44":{"start":{"line":126,"column":4},"end":{"line":126,"column":17}},"45":{"start":{"line":131,"column":4},"end":{"line":143,"column":5}},"46":{"start":{"line":131,"column":17},"end":{"line":131,"column":18}},"47":{"start":{"line":132,"column":22},"end":{"line":132,"column":35}},"48":{"start":{"line":133,"column":23},"end":{"line":133,"column":40}},"49":{"start":{"line":136,"column":6},"end":{"line":138,"column":7}},"50":{"start":{"line":137,"column":8},"end":{"line":137,"column":21}},"51":{"start":{"line":140,"column":6},"end":{"line":142,"column":7}},"52":{"start":{"line":141,"column":8},"end":{"line":141,"column":21}},"53":{"start":{"line":145,"column":4},"end":{"line":145,"column":16}},"54":{"start":{"line":150,"column":16},"end":{"line":150,"column":17}},"55":{"start":{"line":152,"column":4},"end":{"line":152,"column":17}},"56":{"start":{"line":154,"column":12},"end":{"line":154,"column":40}},"57":{"start":{"line":174,"column":14},"end":{"line":174,"column":25}},"58":{"start":{"line":175,"column":0},"end":{"line":175,"column":71}},"59":{"start":{"line":176,"column":0},"end":{"line":176,"column":70}},"60":{"start":{"line":177,"column":8},"end":{"line":177,"column":24}},"61":{"start":{"line":178,"column":0},"end":{"line":178,"column":32}},"62":{"start":{"line":179,"column":0},"end":{"line":179,"column":45}},"63":{"start":{"line":181,"column":0},"end":{"line":181,"column":34}}},"fnMap":{"0":{"name":"(anonymous_0)","decl":{"start":{"line":7,"column":2},"end":{"line":7,"column":3}},"loc":{"start":{"line":7,"column":38},"end":{"line":18,"column":3}},"line":7},"1":{"name":"(anonymous_1)","decl":{"start":{"line":20,"column":2},"end":{"line":20,"column":3}},"loc":{"start":{"line":20,"column":18},"end":{"line":24,"column":3}},"line":20},"2":{"name":"(anonymous_2)","decl":{"start":{"line":26,"column":2},"end":{"line":26,"column":3}},"loc":{"start":{"line":26,"column":16},"end":{"line":30,"column":3}},"line":26},"3":{"name":"(anonymous_3)","decl":{"start":{"line":31,"column":2},"end":{"line":31,"column":3}},"loc":{"start":{"line":31,"column":21},"end":{"line":66,"column":3}},"line":31},"4":{"name":"(anonymous_4)","decl":{"start":{"line":68,"column":2},"end":{"line":68,"column":3}},"loc":{"start":{"line":68,"column":12},"end":{"line":70,"column":3}},"line":68},"5":{"name":"(anonymous_5)","decl":{"start":{"line":71,"column":2},"end":{"line":71,"column":3}},"loc":{"start":{"line":71,"column":18},"end":{"line":77,"column":3}},"line":71},"6":{"name":"(anonymous_6)","decl":{"start":{"line":79,"column":2},"end":{"line":79,"column":3}},"loc":{"start":{"line":79,"column":20},"end":{"line":84,"column":3}},"line":79},"7":{"name":"(anonymous_7)","decl":{"start":{"line":86,"column":2},"end":{"line":86,"column":3}},"loc":{"start":{"line":86,"column":19},"end":{"line":91,"column":3}},"line":86},"8":{"name":"(anonymous_8)","decl":{"start":{"line":99,"column":2},"end":{"line":99,"column":3}},"loc":{"start":{"line":99,"column":16},"end":{"line":101,"column":3}},"line":99},"9":{"name":"(anonymous_9)","decl":{"start":{"line":103,"column":2},"end":{"line":103,"column":3}},"loc":{"start":{"line":103,"column":17},"end":{"line":106,"column":3}},"line":103},"10":{"name":"(anonymous_10)","decl":{"start":{"line":108,"column":2},"end":{"line":108,"column":3}},"loc":{"start":{"line":108,"column":14},"end":{"line":111,"column":3}},"line":108},"11":{"name":"(anonymous_11)","decl":{"start":{"line":113,"column":2},"end":{"line":113,"column":3}},"loc":{"start":{"line":113,"column":21},"end":{"line":127,"column":3}},"line":113},"12":{"name":"(anonymous_12)","decl":{"start":{"line":129,"column":2},"end":{"line":129,"column":3}},"loc":{"start":{"line":129,"column":12},"end":{"line":146,"column":3}},"line":129},"13":{"name":"(anonymous_13)","decl":{"start":{"line":148,"column":2},"end":{"line":148,"column":3}},"loc":{"start":{"line":148,"column":12},"end":{"line":153,"column":3}},"line":148},"14":{"name":"(anonymous_14)","decl":{"start":{"line":154,"column":0},"end":{"line":154,"column":1}},"loc":{"start":{"line":154,"column":10},"end":{"line":154,"column":41}},"line":154}},"branchMap":{"0":{"loc":{"start":{"line":28,"column":11},"end":{"line":28,"column":57}},"type":"binary-expr","locations":[{"start":{"line":28,"column":11},"end":{"line":28,"column":31}},{"start":{"line":28,"column":35},"end":{"line":28,"column":57}}],"line":28},"1":{"loc":{"start":{"line":33,"column":4},"end":{"line":35,"column":5}},"type":"if","locations":[{"start":{"line":33,"column":4},"end":{"line":35,"column":5}},{"start":{},"end":{}}],"line":33},"2":{"loc":{"start":{"line":33,"column":10},"end":{"line":33,"column":95}},"type":"binary-expr","locations":[{"start":{"line":33,"column":10},"end":{"line":33,"column":51}},{"start":{"line":33,"column":55},"end":{"line":33,"column":95}}],"line":33},"3":{"loc":{"start":{"line":44,"column":4},"end":{"line":50,"column":5}},"type":"if","locations":[{"start":{"line":44,"column":4},"end":{"line":50,"column":5}},{"start":{},"end":{}}],"line":44},"4":{"loc":{"start":{"line":45,"column":6},"end":{"line":49,"column":7}},"type":"if","locations":[{"start":{"line":45,"column":6},"end":{"line":49,"column":7}},{"start":{"line":47,"column":13},"end":{"line":49,"column":7}}],"line":45},"5":{"loc":{"start":{"line":52,"column":4},"end":{"line":58,"column":5}},"type":"if","locations":[{"start":{"line":52,"column":4},"end":{"line":58,"column":5}},{"start":{},"end":{}}],"line":52},"6":{"loc":{"start":{"line":53,"column":6},"end":{"line":57,"column":7}},"type":"if","locations":[{"start":{"line":53,"column":6},"end":{"line":57,"column":7}},{"start":{"line":55,"column":13},"end":{"line":57,"column":7}}],"line":53},"7":{"loc":{"start":{"line":61,"column":4},"end":{"line":63,"column":5}},"type":"if","locations":[{"start":{"line":61,"column":4},"end":{"line":63,"column":5}},{"start":{},"end":{}}],"line":61},"8":{"loc":{"start":{"line":72,"column":4},"end":{"line":76,"column":5}},"type":"if","locations":[{"start":{"line":72,"column":4},"end":{"line":76,"column":5}},{"start":{"line":74,"column":11},"end":{"line":76,"column":5}}],"line":72},"9":{"loc":{"start":{"line":80,"column":4},"end":{"line":82,"column":5}},"type":"if","locations":[{"start":{"line":80,"column":4},"end":{"line":82,"column":5}},{"start":{},"end":{}}],"line":80},"10":{"loc":{"start":{"line":87,"column":4},"end":{"line":89,"column":5}},"type":"if","locations":[{"start":{"line":87,"column":4},"end":{"line":89,"column":5}},{"start":{},"end":{}}],"line":87},"11":{"loc":{"start":{"line":120,"column":4},"end":{"line":124,"column":5}},"type":"if","locations":[{"start":{"line":120,"column":4},"end":{"line":124,"column":5}},{"start":{},"end":{}}],"line":120},"12":{"loc":{"start":{"line":136,"column":6},"end":{"line":138,"column":7}},"type":"if","locations":[{"start":{"line":136,"column":6},"end":{"line":138,"column":7}},{"start":{},"end":{}}],"line":136},"13":{"loc":{"start":{"line":140,"column":6},"end":{"line":142,"column":7}},"type":"if","locations":[{"start":{"line":140,"column":6},"end":{"line":142,"column":7}},{"start":{},"end":{}}],"line":140}},"s":{"0":1,"1":1,"2":78,"3":78,"4":78,"5":78,"6":98,"7":98,"8":0,"9":0,"10":50,"11":4,"12":44,"13":44,"14":20,"15":14,"16":6,"17":30,"18":24,"19":24,"20":0,"21":6,"22":1,"23":5,"24":0,"25":0,"26":0,"27":0,"28":0,"29":0,"30":0,"31":0,"32":0,"33":0,"34":12,"35":12,"36":21,"37":20,"38":20,"39":20,"40":2,"41":2,"42":2,"43":18,"44":18,"45":2,"46":2,"47":0,"48":0,"49":0,"50":0,"51":0,"52":0,"53":2,"54":0,"55":0,"56":0,"57":1,"58":1,"59":1,"60":1,"61":1,"62":1,"63":1},"f":{"0":78,"1":98,"2":0,"3":50,"4":0,"5":0,"6":0,"7":0,"8":12,"9":12,"10":21,"11":20,"12":2,"13":0,"14":0},"b":{"0":[0,0],"1":[4,44],"2":[50,28],"3":[20,24],"4":[14,6],"5":[24,6],"6":[24,0],"7":[1,5],"8":[0,0],"9":[0,0],"10":[0,0],"11":[2,18],"12":[0,0],"13":[0,0]},"_coverageSchema":"1a1c01bbd47fc00a2c39e90264f33305004495a9","hash":"fbfdcf9e62e895a27f5f223534456c1634786f10"}
}
