{"/home/runner/AdaCoin-Blockchain-Working-Version/adacoin/src/main.js": {"path":"/home/runner/AdaCoin-Blockchain-Working-Version/adacoin/src/main.js","statementMap":{"0":{"start":{"line":1,"column":15},"end":{"line":1,"column":42}},"1":{"start":{"line":10,"column":4},"end":{"line":10,"column":17}},"2":{"start":{"line":11,"column":4},"end":{"line":11,"column":35}},"3":{"start":{"line":12,"column":4},"end":{"line":12,"column":23}},"4":{"start":{"line":15,"column":4},"end":{"line":15,"column":37}},"5":{"start":{"line":26,"column":15},"end":{"line":26,"column":80}},"6":{"start":{"line":27,"column":4},"end":{"line":27,"column":27}},"7":{"start":{"line":34,"column":4},"end":{"line":34,"column":41}},"8":{"start":{"line":39,"column":4},"end":{"line":39,"column":53}},"9":{"start":{"line":44,"column":4},"end":{"line":44,"column":45}},"10":{"start":{"line":51,"column":4},"end":{"line":51,"column":43}},"11":{"start":{"line":52,"column":4},"end":{"line":52,"column":45}},"12":{"start":{"line":54,"column":4},"end":{"line":54,"column":30}},"13":{"start":{"line":59,"column":4},"end":{"line":71,"column":5}},"14":{"start":{"line":59,"column":17},"end":{"line":59,"column":18}},"15":{"start":{"line":60,"column":22},"end":{"line":60,"column":37}},"16":{"start":{"line":61,"column":23},"end":{"line":61,"column":42}},"17":{"start":{"line":64,"column":6},"end":{"line":66,"column":7}},"18":{"start":{"line":65,"column":8},"end":{"line":65,"column":21}},"19":{"start":{"line":68,"column":6},"end":{"line":70,"column":7}},"20":{"start":{"line":69,"column":8},"end":{"line":69,"column":21}},"21":{"start":{"line":73,"column":4},"end":{"line":73,"column":16}},"22":{"start":{"line":85,"column":0},"end":{"line":85,"column":22}},"23":{"start":{"line":86,"column":0},"end":{"line":86,"column":61}},"24":{"start":{"line":89,"column":0},"end":{"line":89,"column":61}},"25":{"start":{"line":94,"column":0},"end":{"line":94,"column":31}},"26":{"start":{"line":97,"column":0},"end":{"line":97,"column":40}},"27":{"start":{"line":100,"column":0},"end":{"line":100,"column":57}},"28":{"start":{"line":102,"column":0},"end":{"line":102,"column":31}},"29":{"start":{"line":105,"column":0},"end":{"line":105,"column":34}}},"fnMap":{"0":{"name":"(anonymous_0)","decl":{"start":{"line":5,"column":2},"end":{"line":5,"column":3}},"loc":{"start":{"line":5,"column":38},"end":{"line":22,"column":3}},"line":5},"1":{"name":"(anonymous_1)","decl":{"start":{"line":24,"column":2},"end":{"line":24,"column":3}},"loc":{"start":{"line":24,"column":18},"end":{"line":28,"column":3}},"line":24},"2":{"name":"(anonymous_2)","decl":{"start":{"line":33,"column":2},"end":{"line":33,"column":3}},"loc":{"start":{"line":33,"column":16},"end":{"line":35,"column":3}},"line":33},"3":{"name":"(anonymous_3)","decl":{"start":{"line":37,"column":2},"end":{"line":37,"column":3}},"loc":{"start":{"line":37,"column":17},"end":{"line":40,"column":3}},"line":37},"4":{"name":"(anonymous_4)","decl":{"start":{"line":42,"column":2},"end":{"line":42,"column":3}},"loc":{"start":{"line":42,"column":14},"end":{"line":45,"column":3}},"line":42},"5":{"name":"(anonymous_5)","decl":{"start":{"line":47,"column":2},"end":{"line":47,"column":3}},"loc":{"start":{"line":47,"column":21},"end":{"line":55,"column":3}},"line":47},"6":{"name":"(anonymous_6)","decl":{"start":{"line":57,"column":2},"end":{"line":57,"column":3}},"loc":{"start":{"line":57,"column":12},"end":{"line":75,"column":3}},"line":57}},"branchMap":{"0":{"loc":{"start":{"line":64,"column":6},"end":{"line":66,"column":7}},"type":"if","locations":[{"start":{"line":64,"column":6},"end":{"line":66,"column":7}},{"start":{},"end":{}}],"line":64},"1":{"loc":{"start":{"line":68,"column":6},"end":{"line":70,"column":7}},"type":"if","locations":[{"start":{"line":68,"column":6},"end":{"line":70,"column":7}},{"start":{},"end":{}}],"line":68}},"s":{"0":1,"1":6,"2":6,"3":6,"4":6,"5":17,"6":17,"7":2,"8":2,"9":4,"10":4,"11":4,"12":4,"13":3,"14":3,"15":6,"16":6,"17":6,"18":0,"19":6,"20":0,"21":3,"22":1,"23":1,"24":1,"25":1,"26":1,"27":1,"28":1,"29":1},"f":{"0":6,"1":17,"2":2,"3":2,"4":4,"5":4,"6":3},"b":{"0":[0,6],"1":[0,6]},"_coverageSchema":"1a1c01bbd47fc00a2c39e90264f33305004495a9","hash":"ecedde9850ab051b69bfcfbc75cff6bf30db9139"}
}
