TN:
SF:adacoin/src/block.js
FN:9,(anonymous_0)
FN:22,(anonymous_1)
FN:30,(anonymous_2)
FN:42,(anonymous_3)
FN:57,(anonymous_4)
FN:62,(anonymous_5)
FN:69,(anonymous_6)
FN:75,(anonymous_7)
FN:79,(anonymous_8)
FN:91,(anonymous_9)
FN:126,(anonymous_10)
FNF:11
FNH:5
FNDA:84,(anonymous_0)
FNDA:118,(anonymous_1)
FNDA:2,(anonymous_2)
FNDA:0,(anonymous_3)
FNDA:0,(anonymous_4)
FNDA:0,(anonymous_5)
FNDA:0,(anonymous_6)
FNDA:0,(anonymous_7)
FNDA:71,(anonymous_8)
FNDA:0,(anonymous_9)
FNDA:71,(anonymous_10)
DA:3,1
DA:4,1
DA:14,84
DA:15,84
DA:16,84
DA:19,84
DA:24,118
DA:25,118
DA:31,2
DA:32,2
DA:33,2
DA:34,0
DA:36,2
DA:43,0
DA:44,0
DA:45,0
DA:46,0
DA:47,0
DA:48,0
DA:50,0
DA:58,0
DA:63,0
DA:64,0
DA:66,0
DA:70,0
DA:71,0
DA:73,0
DA:76,0
DA:80,71
DA:82,71
DA:85,68
DA:87,0
DA:92,0
DA:93,0
DA:95,0
DA:96,0
DA:97,0
DA:99,0
DA:100,0
DA:101,0
DA:106,0
DA:107,0
DA:108,0
DA:110,0
DA:111,0
DA:112,0
DA:117,0
DA:118,0
DA:120,0
DA:127,71
DA:128,0
DA:130,68
DA:142,1
LF:53
LH:18
BRDA:33,0,0,0
BRDA:33,0,1,2
BRDA:47,1,0,0
BRDA:47,1,1,0
BRDA:63,2,0,0
BRDA:63,2,1,0
BRDA:70,3,0,0
BRDA:70,3,1,0
BRDA:82,4,0,68
BRDA:82,4,1,0
BRDA:82,5,0,71
BRDA:82,5,1,68
BRDA:82,5,2,0
BRDA:82,5,3,0
BRDA:95,6,0,0
BRDA:95,6,1,0
BRDA:96,7,0,0
BRDA:96,7,1,0
BRDA:100,8,0,0
BRDA:100,8,1,0
BRDA:100,9,0,0
BRDA:100,9,1,0
BRDA:106,10,0,0
BRDA:106,10,1,0
BRDA:107,11,0,0
BRDA:107,11,1,0
BRDA:111,12,0,0
BRDA:111,12,1,0
BRDA:111,13,0,0
BRDA:111,13,1,0
BRDA:117,14,0,0
BRDA:117,14,1,0
BRDA:127,15,0,0
BRDA:127,15,1,68
BRDA:127,16,0,71
BRDA:127,16,1,0
BRDA:127,16,2,0
BRDA:127,16,3,0
BRF:38
BRH:6
end_of_record
TN:
SF:adacoin/src/chain.js
FN:4,(anonymous_0)
FN:8,(anonymous_1)
FN:13,(anonymous_2)
FN:18,(anonymous_3)
FN:34,(anonymous_4)
FN:53,(anonymous_5)
FN:64,(anonymous_6)
FNF:7
FNH:5
FNDA:11,(anonymous_0)
FNDA:11,(anonymous_1)
FNDA:35,(anonymous_2)
FNDA:34,(anonymous_3)
FNDA:2,(anonymous_4)
FNDA:0,(anonymous_5)
FNDA:0,(anonymous_6)
DA:2,1
DA:5,11
DA:10,11
DA:15,35
DA:22,34
DA:23,34
DA:25,34
DA:27,0
DA:31,34
DA:36,2
DA:37,0
DA:38,0
DA:41,0
DA:42,0
DA:45,0
DA:46,0
DA:50,2
DA:55,0
DA:56,0
DA:57,0
DA:58,0
DA:59,0
DA:62,0
DA:65,0
DA:72,1
LF:25
LH:11
BRDA:25,0,0,0
BRDA:25,0,1,34
BRDA:41,1,0,0
BRDA:41,1,1,0
BRDA:45,2,0,0
BRDA:45,2,1,0
BRDA:56,3,0,0
BRDA:56,3,1,0
BRF:8
BRH:1
end_of_record
