TN:
SF:adacoin/src/block.js
FN:9,(anonymous_0)
FN:22,(anonymous_1)
FN:30,(anonymous_2)
FN:47,(anonymous_3)
FN:62,(anonymous_4)
FN:67,(anonymous_5)
FN:74,(anonymous_6)
FN:82,(anonymous_7)
FN:96,(anonymous_8)
FN:131,(anonymous_9)
FNF:10
FNH:10
FNDA:209,(anonymous_0)
FNDA:351,(anonymous_1)
FNDA:154,(anonymous_2)
FNDA:146,(anonymous_3)
FNDA:890,(anonymous_4)
FNDA:61,(anonymous_5)
FNDA:61,(anonymous_6)
FNDA:145,(anonymous_7)
FNDA:153,(anonymous_8)
FNDA:145,(anonymous_9)
DA:3,1
DA:4,1
DA:14,209
DA:15,209
DA:16,209
DA:19,209
DA:24,351
DA:25,351
DA:31,154
DA:32,154
DA:33,4
DA:37,150
DA:38,150
DA:39,4
DA:41,146
DA:48,146
DA:49,146
DA:50,146
DA:51,146
DA:52,146
DA:53,3
DA:55,143
DA:63,890
DA:68,61
DA:69,30
DA:71,31
DA:75,61
DA:76,31
DA:78,30
DA:83,145
DA:88,145
DA:90,11
DA:92,134
DA:97,153
DA:98,153
DA:100,153
DA:101,74
DA:102,6
DA:104,68
DA:105,68
DA:106,7
DA:111,140
DA:112,78
DA:113,6
DA:115,72
DA:116,72
DA:117,8
DA:122,126
DA:123,5
DA:125,121
DA:132,145
DA:133,115
DA:135,30
DA:147,1
LF:54
LH:54
BRDA:32,0,0,4
BRDA:32,0,1,150
BRDA:38,1,0,4
BRDA:38,1,1,146
BRDA:52,2,0,3
BRDA:52,2,1,143
BRDA:68,3,0,30
BRDA:68,3,1,31
BRDA:75,4,0,31
BRDA:75,4,1,30
BRDA:88,5,0,11
BRDA:88,5,1,134
BRDA:88,6,0,145
BRDA:88,6,1,67
BRDA:88,6,2,143
BRDA:88,6,3,78
BRDA:100,7,0,74
BRDA:100,7,1,79
BRDA:101,8,0,6
BRDA:101,8,1,68
BRDA:105,9,0,7
BRDA:105,9,1,61
BRDA:105,10,0,68
BRDA:105,10,1,63
BRDA:111,11,0,78
BRDA:111,11,1,62
BRDA:112,12,0,6
BRDA:112,12,1,72
BRDA:116,13,0,8
BRDA:116,13,1,64
BRDA:116,14,0,72
BRDA:116,14,1,67
BRDA:122,15,0,5
BRDA:122,15,1,121
BRDA:132,16,0,115
BRDA:132,16,1,30
BRDA:132,17,0,145
BRDA:132,17,1,139
BRDA:132,17,2,132
BRF:39
BRH:39
end_of_record
TN:
SF:adacoin/src/chain.js
FN:6,(anonymous_0)
FN:10,(anonymous_1)
FN:15,(anonymous_2)
FN:20,(anonymous_3)
FN:46,(anonymous_4)
FN:65,(anonymous_5)
FNF:6
FNH:6
FNDA:23,(anonymous_0)
FNDA:23,(anonymous_1)
FNDA:107,(anonymous_2)
FNDA:114,(anonymous_3)
FNDA:8,(anonymous_4)
FNDA:10,(anonymous_5)
DA:2,1
DA:7,23
DA:12,23
DA:17,107
DA:25,114
DA:26,1
DA:29,113
DA:31,388
DA:32,4
DA:35,109
DA:36,103
DA:37,103
DA:38,103
DA:39,103
DA:41,6
DA:48,8
DA:49,34
DA:50,34
DA:53,34
DA:54,2
DA:57,32
DA:58,2
DA:62,4
DA:67,10
DA:68,10
DA:69,10
DA:70,61
DA:71,61
DA:73,10
DA:80,1
LF:30
LH:30
BRDA:25,0,0,1
BRDA:25,0,1,113
BRDA:31,1,0,4
BRDA:31,1,1,384
BRDA:35,2,0,103
BRDA:35,2,1,6
BRDA:53,3,0,2
BRDA:53,3,1,32
BRDA:57,4,0,2
BRDA:57,4,1,30
BRDA:68,5,0,0
BRDA:68,5,1,10
BRF:12
BRH:11
end_of_record
